<?xml version="1.0" encoding="UTF-8"?>
<testng-results ignored="0" total="1" passed="1" failed="0" skipped="0">
  <reporter-output>
  </reporter-output>
  <suite started-at="2025-11-22T07:35:15 IST" name="Default suite" finished-at="2025-11-22T07:36:23 IST" duration-ms="67561">
    <groups>
    </groups>
    <test started-at="2025-11-22T07:35:15 IST" name="Default test" finished-at="2025-11-22T07:36:23 IST" duration-ms="67561">
      <class name="amazonpackage.Amazon_MavenProject1.AmazonProjectTC8_VerifyIfProductsCanBeSortedByRelevance_Price_Rating">
        <test-method is-config="true" signature="launchAmazon()[pri:0, instance:amazonpackage.Amazon_MavenProject1.AmazonProjectTC8_VerifyIfProductsCanBeSortedByRelevance_Price_Rating@3754a4bf]" started-at="2025-11-22T07:35:17 IST" name="launchAmazon" finished-at="2025-11-22T07:35:37 IST" duration-ms="20771" status="PASS">
          <reporter-output>
          </reporter-output>
        </test-method> <!-- launchAmazon -->
        <test-method signature="VerifyIfProductsCanBeSortedByRelevance_Price_Rating(java.lang.String,java.lang.String)[pri:0, instance:amazonpackage.Amazon_MavenProject1.AmazonProjectTC8_VerifyIfProductsCanBeSortedByRelevance_Price_Rating@3754a4bf]" started-at="2025-11-22T07:35:37 IST" name="VerifyIfProductsCanBeSortedByRelevance_Price_Rating" data-provider="AmazonloginData_CorrectCredentials" finished-at="2025-11-22T07:36:22 IST" duration-ms="45074" status="PASS">
          <params>
            <param index="0">
              <value>
                <![CDATA[7013238821]]>
              </value>
            </param>
            <param index="1">
              <value>
                <![CDATA[Jyothsna@14]]>
              </value>
            </param>
          </params>
          <reporter-output>
          </reporter-output>
        </test-method> <!-- VerifyIfProductsCanBeSortedByRelevance_Price_Rating -->
        <test-method is-config="true" signature="quitbrowser()[pri:0, instance:amazonpackage.Amazon_MavenProject1.AmazonProjectTC8_VerifyIfProductsCanBeSortedByRelevance_Price_Rating@3754a4bf]" started-at="2025-11-22T07:36:23 IST" name="quitbrowser" finished-at="2025-11-22T07:36:23 IST" duration-ms="1" status="PASS">
          <reporter-output>
          </reporter-output>
        </test-method> <!-- quitbrowser -->
      </class> <!-- amazonpackage.Amazon_MavenProject1.AmazonProjectTC8_VerifyIfProductsCanBeSortedByRelevance_Price_Rating -->
    </test> <!-- Default test -->
  </suite> <!-- Default suite -->
</testng-results>
