<?xml version="1.0" encoding="UTF-8"?>
<!-- Generated by org.testng.reporters.JUnitReportReporter -->
<testsuite hostname="DESKTOP-59REHEQ" failures="0" tests="2" name="amazonpackage.Amazon_MavenProject1.AmazonProjectTC13_VerifyIfUserIsAbleToApplyForCouponCode" time="106.070" errors="0" timestamp="2025-11-07T19:40:41 IST" skipped="1">
  <testcase classname="amazonpackage.Amazon_MavenProject1.AmazonProjectTC13_VerifyIfUserIsAbleToApplyForCouponCode" name="VerifyIfUserIsAbleToApplyForCouponCode" time="16.500">
    <skipped/>
  </testcase> <!-- VerifyIfUserIsAbleToApplyForCouponCode -->
  <testcase classname="amazonpackage.Amazon_MavenProject1.AmazonProjectTC13_VerifyIfUserIsAbleToApplyForCouponCode" name="VerifyIfUserIsAbleToApplyForCouponCode" time="89.570"/>
</testsuite> <!-- amazonpackage.Amazon_MavenProject1.AmazonProjectTC13_VerifyIfUserIsAbleToApplyForCouponCode -->
