<?xml version="1.0" encoding="UTF-8"?>
<!-- Generated by org.testng.reporters.JUnitReportReporter -->
<testsuite hostname="DESKTOP-59REHEQ" failures="0" tests="1" name="amazonpackage.Amazon_MavenProject1.AmazonProjectTC10_Verifyupdatingandremovingitemsfromthecart" time="65.487" errors="0" timestamp="2025-10-30T15:30:30 IST" skipped="0">
  <testcase classname="amazonpackage.Amazon_MavenProject1.AmazonProjectTC10_Verifyupdatingandremovingitemsfromthecart" name="Verifyupdatingandremovingitemsfromthecart" time="65.487"/>
</testsuite> <!-- amazonpackage.Amazon_MavenProject1.AmazonProjectTC10_Verifyupdatingandremovingitemsfromthecart -->
