<?xml version="1.0" encoding="UTF-8"?>
<!-- Generated by org.testng.reporters.JUnitReportReporter -->
<testsuite hostname="DESKTOP-59REHEQ" failures="0" tests="1" name="amazonpackage.Amazon_MavenProject1.AmazonProjectTC4_EditProfileInformation" time="47.747" errors="0" timestamp="2025-10-28T22:19:33 IST" skipped="0">
  <testcase classname="amazonpackage.Amazon_MavenProject1.AmazonProjectTC4_EditProfileInformation" name="EditUserProfileInformation" time="47.747"/>
</testsuite> <!-- amazonpackage.Amazon_MavenProject1.AmazonProjectTC4_EditProfileInformation -->
