<?xml version="1.0" encoding="UTF-8"?>
<!-- Generated by org.testng.reporters.JUnitReportReporter -->
<testsuite hostname="DESKTOP-59REHEQ" failures="0" tests="1" name="amazonpackage.Amazon_MavenProject1.AmazonProjectTC6_Searchingwithfiltersyieldsaccurateresults" time="121.019" errors="0" timestamp="2025-10-29T20:20:38 IST" skipped="0">
  <testcase classname="amazonpackage.Amazon_MavenProject1.AmazonProjectTC6_Searchingwithfiltersyieldsaccurateresults" name="verifySearchingWithFiltersYieldsAccurateResults" time="121.019"/>
</testsuite> <!-- amazonpackage.Amazon_MavenProject1.AmazonProjectTC6_Searchingwithfiltersyieldsaccurateresults -->
