<?xml version="1.0" encoding="UTF-8"?>
<!-- Generated by org.testng.reporters.JUnitReportReporter -->
<testsuite hostname="DESKTOP-59REHEQ" failures="0" tests="2" name="amazonpackage.Amazon_MavenProject1.AmazonProjectTC3_LoginWithInvalidCredentials" time="53.999" errors="0" timestamp="2025-10-28T20:55:41 IST" skipped="1">
  <testcase classname="amazonpackage.Amazon_MavenProject1.AmazonProjectTC3_LoginWithInvalidCredentials" name="loginToAmazonWithValidCredentials" time="39.529"/>
  <testcase classname="amazonpackage.Amazon_MavenProject1.AmazonProjectTC3_LoginWithInvalidCredentials" name="loginToAmazonWithValidCredentials" time="14.470">
    <skipped/>
  </testcase> <!-- loginToAmazonWithValidCredentials -->
</testsuite> <!-- amazonpackage.Amazon_MavenProject1.AmazonProjectTC3_LoginWithInvalidCredentials -->
