<?xml version="1.0" encoding="UTF-8"?>
<!-- Generated by org.testng.reporters.JUnitReportReporter -->
<testsuite hostname="DESKTOP-59REHEQ" failures="0" tests="2" name="amazonpackage.Amazon_MavenProject1.AmazonProjectTC15_ReachTillCartPageWithoutLogin" time="88.810" errors="0" timestamp="2025-11-08T07:37:25 IST" skipped="1">
  <testcase classname="amazonpackage.Amazon_MavenProject1.AmazonProjectTC15_ReachTillCartPageWithoutLogin" name="verifyUserIsAbleToReachTillCartPageWithoutLogin" time="48.693"/>
  <testcase classname="amazonpackage.Amazon_MavenProject1.AmazonProjectTC15_ReachTillCartPageWithoutLogin" name="verifyUserIsAbleToReachTillCartPageWithoutLogin" time="40.117">
    <skipped/>
  </testcase> <!-- verifyUserIsAbleToReachTillCartPageWithoutLogin -->
</testsuite> <!-- amazonpackage.Amazon_MavenProject1.AmazonProjectTC15_ReachTillCartPageWithoutLogin -->
