<?xml version="1.0" encoding="UTF-8"?>
<!-- Generated by org.testng.reporters.JUnitReportReporter -->
<testsuite hostname="DESKTOP-59REHEQ" failures="0" tests="1" name="amazonpackage.Amazon_MavenProject1.AmazonProjectTC7_VerifyProductDetailPageDisplaysAllNecessaryInformation" time="57.765" errors="0" timestamp="2025-10-29T23:06:58 IST" skipped="0">
  <testcase classname="amazonpackage.Amazon_MavenProject1.AmazonProjectTC7_VerifyProductDetailPageDisplaysAllNecessaryInformation" name="VerifyProductDetailPageDisplaysAllNecessaryInformation" time="57.765"/>
</testsuite> <!-- amazonpackage.Amazon_MavenProject1.AmazonProjectTC7_VerifyProductDetailPageDisplaysAllNecessaryInformation -->
