<?xml version="1.0" encoding="UTF-8"?>
<!-- Generated by org.testng.reporters.JUnitReportReporter -->
<testsuite hostname="DESKTOP-59REHEQ" failures="0" tests="1" name="amazonpackage.Amazon_MavenProject1.AmazonProjectTC14_VerifyUserIsAbleToRate5StarForLastOrderedProduct" time="46.316" errors="0" timestamp="2025-11-13T15:14:27 IST" skipped="0">
  <testcase classname="amazonpackage.Amazon_MavenProject1.AmazonProjectTC14_VerifyUserIsAbleToRate5StarForLastOrderedProduct" name="VerifyUserIsAbleToRate5StarForLastOrderedProduct" time="46.316"/>
</testsuite> <!-- amazonpackage.Amazon_MavenProject1.AmazonProjectTC14_VerifyUserIsAbleToRate5StarForLastOrderedProduct -->
