<?xml version="1.0" encoding="UTF-8"?>
<!-- Generated by org.testng.reporters.JUnitReportReporter -->
<testsuite hostname="DESKTOP-59REHEQ" failures="0" tests="1" name="amazonpackage.Amazon_MavenProject1.AmazonProjectTC11_ValidateEntireCheckOutProcess" time="146.980" errors="0" timestamp="2025-11-15T19:13:22 IST" skipped="0">
  <testcase classname="amazonpackage.Amazon_MavenProject1.AmazonProjectTC11_ValidateEntireCheckOutProcess" name="ValidateEntireCheckOutProcess" time="146.980"/>
</testsuite> <!-- amazonpackage.Amazon_MavenProject1.AmazonProjectTC11_ValidateEntireCheckOutProcess -->
