<?xml version="1.0" encoding="UTF-8"?>
<!-- Generated by org.testng.reporters.JUnitReportReporter -->
<testsuite hostname="DESKTOP-59REHEQ" failures="0" tests="1" name="amazonpackage.Amazon_MavenProject1.AmazonProjectTC5_SearchFeature" time="47.185" errors="0" timestamp="2025-10-29T11:33:05 IST" skipped="0">
  <testcase classname="amazonpackage.Amazon_MavenProject1.AmazonProjectTC5_SearchFeature" name="verifySearchFeature" time="47.185"/>
</testsuite> <!-- amazonpackage.Amazon_MavenProject1.AmazonProjectTC5_SearchFeature -->
