<?xml version="1.0" encoding="UTF-8"?>
<!-- Generated by org.testng.reporters.JUnitReportReporter -->
<testsuite hostname="DESKTOP-59REHEQ" failures="0" tests="1" name="amazonpackage.Amazon_MavenProject1.AmazonProjectTC2_Loginwithvalidcredentials" time="33.368" errors="0" timestamp="2025-10-28T17:30:12 IST" skipped="0">
  <testcase classname="amazonpackage.Amazon_MavenProject1.AmazonProjectTC2_Loginwithvalidcredentials" name="loginToAmazonWithValidCredentials" time="33.368"/>
</testsuite> <!-- amazonpackage.Amazon_MavenProject1.AmazonProjectTC2_Loginwithvalidcredentials -->
