<?xml version="1.0" encoding="UTF-8"?>
<!-- Generated by org.testng.reporters.JUnitReportReporter -->
<testsuite hostname="DESKTOP-59REHEQ" failures="0" tests="1" name="amazonpackage.Amazon_MavenProject1.AmazonProjectTC8_VerifyIfProductsCanBeSortedByRelevance_Price_Rating" time="65.846" errors="0" timestamp="2025-11-22T07:36:23 IST" skipped="0">
  <testcase classname="amazonpackage.Amazon_MavenProject1.AmazonProjectTC8_VerifyIfProductsCanBeSortedByRelevance_Price_Rating" name="VerifyIfProductsCanBeSortedByRelevance_Price_Rating" time="65.846"/>
</testsuite> <!-- amazonpackage.Amazon_MavenProject1.AmazonProjectTC8_VerifyIfProductsCanBeSortedByRelevance_Price_Rating -->
