<?xml version="1.0" encoding="UTF-8"?>
<!-- Generated by org.testng.reporters.JUnitReportReporter -->
<testsuite hostname="DESKTOP-59REHEQ" failures="0" tests="1" name="amazonpackage.Amazon_MavenProject1.AmazonProjectTC12_VerifyIfusersabletoselecteachpaymentmethod" time="75.946" errors="0" timestamp="2025-11-07T07:22:08 IST" skipped="0">
  <testcase classname="amazonpackage.Amazon_MavenProject1.AmazonProjectTC12_VerifyIfusersabletoselecteachpaymentmethod" name="VerifyIfusersabletoselecteachpaymentmethod" time="75.946"/>
</testsuite> <!-- amazonpackage.Amazon_MavenProject1.AmazonProjectTC12_VerifyIfusersabletoselecteachpaymentmethod -->
